CRITICAL - 2025-05-19 10:34:22 --> Error: Undefined constant "CodeIgniter\Database\MySQLi\MYSQLI_STORE_RESULT"
[Method: CLI, Route: migrate]
in SYSTEMPATH\Database\Database.php on line 143.
 1 SYSTEMPATH\Database\Database.php(61): CodeIgniter\Database\Database->initDriver()
 2 SYSTEMPATH\Database\Config.php(82): CodeIgniter\Database\Database->load()
 3 SYSTEMPATH\Common.php(363): CodeIgniter\Database\Config::connect()
 4 SYSTEMPATH\Database\MigrationRunner.php(145): db_connect()
 5 SYSTEMPATH\Config\Services.php(421): CodeIgniter\Database\MigrationRunner->__construct()
 6 SYSTEMPATH\Config\BaseService.php(312): CodeIgniter\Config\Services::migrations()
 7 SYSTEMPATH\Config\BaseService.php(251): CodeIgniter\Config\BaseService::__callStatic()
 8 SYSTEMPATH\Config\Services.php(416): CodeIgniter\Config\BaseService::getSharedInstance()
 9 SYSTEMPATH\Config\BaseService.php(321): CodeIgniter\Config\Services::migrations()
10 SYSTEMPATH\Config\BaseService.php(202): CodeIgniter\Config\BaseService::__callStatic()
11 SYSTEMPATH\Common.php(1000): CodeIgniter\Config\BaseService::get()
12 SYSTEMPATH\Commands\Database\Migrate.php(70): service()
13 SYSTEMPATH\CLI\Commands.php(74): CodeIgniter\Commands\Database\Migrate->run()
14 SYSTEMPATH\CLI\Console.php(47): CodeIgniter\CLI\Commands->run()
15 SYSTEMPATH\Boot.php(360): CodeIgniter\CLI\Console->run()
16 SYSTEMPATH\Boot.php(104): CodeIgniter\Boot::runCommand()
17 ROOTPATH\spark(87): CodeIgniter\Boot::bootSpark()
CRITICAL - 2025-05-19 10:35:27 --> Error: Undefined constant "CodeIgniter\Database\MySQLi\MYSQLI_STORE_RESULT"
[Method: CLI, Route: migrate]
in SYSTEMPATH\Database\Database.php on line 143.
 1 SYSTEMPATH\Database\Database.php(61): CodeIgniter\Database\Database->initDriver()
 2 SYSTEMPATH\Database\Config.php(82): CodeIgniter\Database\Database->load()
 3 SYSTEMPATH\Common.php(363): CodeIgniter\Database\Config::connect()
 4 SYSTEMPATH\Database\MigrationRunner.php(145): db_connect()
 5 SYSTEMPATH\Config\Services.php(421): CodeIgniter\Database\MigrationRunner->__construct()
 6 SYSTEMPATH\Config\BaseService.php(312): CodeIgniter\Config\Services::migrations()
 7 SYSTEMPATH\Config\BaseService.php(251): CodeIgniter\Config\BaseService::__callStatic()
 8 SYSTEMPATH\Config\Services.php(416): CodeIgniter\Config\BaseService::getSharedInstance()
 9 SYSTEMPATH\Config\BaseService.php(321): CodeIgniter\Config\Services::migrations()
10 SYSTEMPATH\Config\BaseService.php(202): CodeIgniter\Config\BaseService::__callStatic()
11 SYSTEMPATH\Common.php(1000): CodeIgniter\Config\BaseService::get()
12 SYSTEMPATH\Commands\Database\Migrate.php(70): service()
13 SYSTEMPATH\CLI\Commands.php(74): CodeIgniter\Commands\Database\Migrate->run()
14 SYSTEMPATH\CLI\Console.php(47): CodeIgniter\CLI\Commands->run()
15 SYSTEMPATH\Boot.php(360): CodeIgniter\CLI\Console->run()
16 SYSTEMPATH\Boot.php(104): CodeIgniter\Boot::runCommand()
17 ROOTPATH\spark(87): CodeIgniter\Boot::bootSpark()
ERROR - 2025-05-19 10:38:45 --> Error connecting to the database: mysqli_sql_exception: Unknown database 'perputakaan' in D:\xampp\xampp file\htdocs\PRAK701\system\Database\MySQLi\Connection.php:201
Stack trace:
#0 D:\xampp\xampp file\htdocs\PRAK701\system\Database\MySQLi\Connection.php(201): mysqli->real_connect()
#1 D:\xampp\xampp file\htdocs\PRAK701\system\Database\BaseConnection.php(421): CodeIgniter\Database\MySQLi\Connection->connect()
#2 D:\xampp\xampp file\htdocs\PRAK701\system\Database\BaseConnection.php(620): CodeIgniter\Database\BaseConnection->initialize()
#3 D:\xampp\xampp file\htdocs\PRAK701\system\Database\BaseConnection.php(1525): CodeIgniter\Database\BaseConnection->query()
#4 D:\xampp\xampp file\htdocs\PRAK701\system\Database\BaseConnection.php(1545): CodeIgniter\Database\BaseConnection->listTables()
#5 D:\xampp\xampp file\htdocs\PRAK701\system\Database\MigrationRunner.php(768): CodeIgniter\Database\BaseConnection->tableExists()
#6 D:\xampp\xampp file\htdocs\PRAK701\system\Database\MigrationRunner.php(162): CodeIgniter\Database\MigrationRunner->ensureTable()
#7 D:\xampp\xampp file\htdocs\PRAK701\system\Commands\Database\Migrate.php(85): CodeIgniter\Database\MigrationRunner->latest()
#8 D:\xampp\xampp file\htdocs\PRAK701\system\CLI\Commands.php(74): CodeIgniter\Commands\Database\Migrate->run()
#9 D:\xampp\xampp file\htdocs\PRAK701\system\CLI\Console.php(47): CodeIgniter\CLI\Commands->run()
#10 D:\xampp\xampp file\htdocs\PRAK701\system\Boot.php(360): CodeIgniter\CLI\Console->run()
#11 D:\xampp\xampp file\htdocs\PRAK701\system\Boot.php(104): CodeIgniter\Boot::runCommand()
#12 D:\xampp\xampp file\htdocs\PRAK701\spark(87): CodeIgniter\Boot::bootSpark()
#13 {main}

Next CodeIgniter\Database\Exceptions\DatabaseException: Unknown database 'perputakaan' in D:\xampp\xampp file\htdocs\PRAK701\system\Database\MySQLi\Connection.php:246
Stack trace:
#0 D:\xampp\xampp file\htdocs\PRAK701\system\Database\BaseConnection.php(421): CodeIgniter\Database\MySQLi\Connection->connect()
#1 D:\xampp\xampp file\htdocs\PRAK701\system\Database\BaseConnection.php(620): CodeIgniter\Database\BaseConnection->initialize()
#2 D:\xampp\xampp file\htdocs\PRAK701\system\Database\BaseConnection.php(1525): CodeIgniter\Database\BaseConnection->query()
#3 D:\xampp\xampp file\htdocs\PRAK701\system\Database\BaseConnection.php(1545): CodeIgniter\Database\BaseConnection->listTables()
#4 D:\xampp\xampp file\htdocs\PRAK701\system\Database\MigrationRunner.php(768): CodeIgniter\Database\BaseConnection->tableExists()
#5 D:\xampp\xampp file\htdocs\PRAK701\system\Database\MigrationRunner.php(162): CodeIgniter\Database\MigrationRunner->ensureTable()
#6 D:\xampp\xampp file\htdocs\PRAK701\system\Commands\Database\Migrate.php(85): CodeIgniter\Database\MigrationRunner->latest()
#7 D:\xampp\xampp file\htdocs\PRAK701\system\CLI\Commands.php(74): CodeIgniter\Commands\Database\Migrate->run()
#8 D:\xampp\xampp file\htdocs\PRAK701\system\CLI\Console.php(47): CodeIgniter\CLI\Commands->run()
#9 D:\xampp\xampp file\htdocs\PRAK701\system\Boot.php(360): CodeIgniter\CLI\Console->run()
#10 D:\xampp\xampp file\htdocs\PRAK701\system\Boot.php(104): CodeIgniter\Boot::runCommand()
#11 D:\xampp\xampp file\htdocs\PRAK701\spark(87): CodeIgniter\Boot::bootSpark()
#12 {main}
CRITICAL - 2025-05-19 15:34:56 --> CodeIgniter\Exceptions\BadMethodCallException: Call to undefined method App\Models\BukuModel::getData
[Method: GET, Route: /]
in SYSTEMPATH\Model.php on line 930.
 1 APPPATH\Controllers\Home.php(11): CodeIgniter\Model->__call()
 2 SYSTEMPATH\CodeIgniter.php(933): App\Controllers\Home->index()
 3 SYSTEMPATH\CodeIgniter.php(507): CodeIgniter\CodeIgniter->runController()
 4 SYSTEMPATH\CodeIgniter.php(354): CodeIgniter\CodeIgniter->handleRequest()
 5 SYSTEMPATH\Boot.php(334): CodeIgniter\CodeIgniter->run()
 6 SYSTEMPATH\Boot.php(67): CodeIgniter\Boot::runCodeIgniter()
 7 FCPATH\index.php(59): CodeIgniter\Boot::bootWeb()
 8 SYSTEMPATH\rewrite.php(44): require_once('D:\\xampp\\xampp file\\htdocs\\PRAK701\\public\\index.php')
