CRITICAL - 2025-05-20 09:37:55 --> Error: Call to undefined method CodeIgniter\View\View::extends()
[Method: GET, Route: /]
in APPPATH\Views\home\index.php on line 1.
 1 SYSTEMPATH\View\View.php(224): include()
 2 SYSTEMPATH\View\View.php(227): CodeIgniter\View\View->{closure:CodeIgniter\View\View::render():221}()
 3 SYSTEMPATH\Common.php(1173): CodeIgniter\View\View->render()
 4 APPPATH\Controllers\Home.php(10): view()
 5 SYSTEMPATH\CodeIgniter.php(933): App\Controllers\Home->index()
 6 SYSTEMPATH\CodeIgniter.php(507): CodeIgniter\CodeIgniter->runController()
 7 SYSTEMPATH\CodeIgniter.php(354): CodeIgniter\CodeIgniter->handleRequest()
 8 SYSTEMPATH\Boot.php(334): CodeIgniter\CodeIgniter->run()
 9 SYSTEMPATH\Boot.php(67): CodeIgniter\Boot::runCodeIgniter()
10 FCPATH\index.php(59): CodeIgniter\Boot::bootWeb()
11 SYSTEMPATH\rewrite.php(44): require_once('D:\\xampp\\xampp file\\htdocs\\PRAK701\\public\\index.php')
CRITICAL - 2025-05-20 09:44:05 --> Error: Call to undefined method CodeIgniter\View\View::extends()
[Method: GET, Route: /]
in APPPATH\Views\home\index.php on line 1.
 1 SYSTEMPATH\View\View.php(224): include()
 2 SYSTEMPATH\View\View.php(227): CodeIgniter\View\View->{closure:CodeIgniter\View\View::render():221}()
 3 SYSTEMPATH\Common.php(1173): CodeIgniter\View\View->render()
 4 APPPATH\Controllers\Home.php(10): view()
 5 SYSTEMPATH\CodeIgniter.php(933): App\Controllers\Home->index()
 6 SYSTEMPATH\CodeIgniter.php(507): CodeIgniter\CodeIgniter->runController()
 7 SYSTEMPATH\CodeIgniter.php(354): CodeIgniter\CodeIgniter->handleRequest()
 8 SYSTEMPATH\Boot.php(334): CodeIgniter\CodeIgniter->run()
 9 SYSTEMPATH\Boot.php(67): CodeIgniter\Boot::runCodeIgniter()
10 FCPATH\index.php(59): CodeIgniter\Boot::bootWeb()
11 SYSTEMPATH\rewrite.php(44): require_once('D:\\xampp\\xampp file\\htdocs\\PRAK701\\public\\index.php')
ERROR - 2025-05-20 11:20:26 --> Error connecting to the database: mysqli_sql_exception: No connection could be made because the target machine actively refused it in D:\xampp\xampp file\htdocs\PRAK701\system\Database\MySQLi\Connection.php:201
Stack trace:
#0 D:\xampp\xampp file\htdocs\PRAK701\system\Database\MySQLi\Connection.php(201): mysqli->real_connect()
#1 D:\xampp\xampp file\htdocs\PRAK701\system\Database\BaseConnection.php(421): CodeIgniter\Database\MySQLi\Connection->connect()
#2 D:\xampp\xampp file\htdocs\PRAK701\system\Database\BaseConnection.php(620): CodeIgniter\Database\BaseConnection->initialize()
#3 D:\xampp\xampp file\htdocs\PRAK701\system\Database\BaseBuilder.php(1649): CodeIgniter\Database\BaseConnection->query()
#4 D:\xampp\xampp file\htdocs\PRAK701\system\Model.php(286): CodeIgniter\Database\BaseBuilder->get()
#5 D:\xampp\xampp file\htdocs\PRAK701\system\BaseModel.php(679): CodeIgniter\Model->doFindAll()
#6 D:\xampp\xampp file\htdocs\PRAK701\app\Controllers\Form.php(19): CodeIgniter\BaseModel->findAll()
#7 D:\xampp\xampp file\htdocs\PRAK701\system\CodeIgniter.php(933): App\Controllers\Form->index()
#8 D:\xampp\xampp file\htdocs\PRAK701\system\CodeIgniter.php(507): CodeIgniter\CodeIgniter->runController()
#9 D:\xampp\xampp file\htdocs\PRAK701\system\CodeIgniter.php(354): CodeIgniter\CodeIgniter->handleRequest()
#10 D:\xampp\xampp file\htdocs\PRAK701\system\Boot.php(334): CodeIgniter\CodeIgniter->run()
#11 D:\xampp\xampp file\htdocs\PRAK701\system\Boot.php(67): CodeIgniter\Boot::runCodeIgniter()
#12 D:\xampp\xampp file\htdocs\PRAK701\public\index.php(59): CodeIgniter\Boot::bootWeb()
#13 D:\xampp\xampp file\htdocs\PRAK701\system\rewrite.php(44): require_once('...')
#14 {main}

Next CodeIgniter\Database\Exceptions\DatabaseException: No connection could be made because the target machine actively refused it in D:\xampp\xampp file\htdocs\PRAK701\system\Database\MySQLi\Connection.php:246
Stack trace:
#0 D:\xampp\xampp file\htdocs\PRAK701\system\Database\BaseConnection.php(421): CodeIgniter\Database\MySQLi\Connection->connect()
#1 D:\xampp\xampp file\htdocs\PRAK701\system\Database\BaseConnection.php(620): CodeIgniter\Database\BaseConnection->initialize()
#2 D:\xampp\xampp file\htdocs\PRAK701\system\Database\BaseBuilder.php(1649): CodeIgniter\Database\BaseConnection->query()
#3 D:\xampp\xampp file\htdocs\PRAK701\system\Model.php(286): CodeIgniter\Database\BaseBuilder->get()
#4 D:\xampp\xampp file\htdocs\PRAK701\system\BaseModel.php(679): CodeIgniter\Model->doFindAll()
#5 D:\xampp\xampp file\htdocs\PRAK701\app\Controllers\Form.php(19): CodeIgniter\BaseModel->findAll()
#6 D:\xampp\xampp file\htdocs\PRAK701\system\CodeIgniter.php(933): App\Controllers\Form->index()
#7 D:\xampp\xampp file\htdocs\PRAK701\system\CodeIgniter.php(507): CodeIgniter\CodeIgniter->runController()
#8 D:\xampp\xampp file\htdocs\PRAK701\system\CodeIgniter.php(354): CodeIgniter\CodeIgniter->handleRequest()
#9 D:\xampp\xampp file\htdocs\PRAK701\system\Boot.php(334): CodeIgniter\CodeIgniter->run()
#10 D:\xampp\xampp file\htdocs\PRAK701\system\Boot.php(67): CodeIgniter\Boot::runCodeIgniter()
#11 D:\xampp\xampp file\htdocs\PRAK701\public\index.php(59): CodeIgniter\Boot::bootWeb()
#12 D:\xampp\xampp file\htdocs\PRAK701\system\rewrite.php(44): require_once('...')
#13 {main}
CRITICAL - 2025-05-20 11:20:26 --> CodeIgniter\Database\Exceptions\DatabaseException: Unable to connect to the database.
Main connection [MySQLi]: No connection could be made because the target machine actively refused it
[Method: GET, Route: buku]
in SYSTEMPATH\Database\BaseConnection.php on line 467.
 1 SYSTEMPATH\Database\BaseConnection.php(620): CodeIgniter\Database\BaseConnection->initialize()
 2 SYSTEMPATH\Database\BaseBuilder.php(1649): CodeIgniter\Database\BaseConnection->query()
 3 SYSTEMPATH\Model.php(286): CodeIgniter\Database\BaseBuilder->get()
 4 SYSTEMPATH\BaseModel.php(679): CodeIgniter\Model->doFindAll()
 5 APPPATH\Controllers\Form.php(19): CodeIgniter\BaseModel->findAll()
 6 SYSTEMPATH\CodeIgniter.php(933): App\Controllers\Form->index()
 7 SYSTEMPATH\CodeIgniter.php(507): CodeIgniter\CodeIgniter->runController()
 8 SYSTEMPATH\CodeIgniter.php(354): CodeIgniter\CodeIgniter->handleRequest()
 9 SYSTEMPATH\Boot.php(334): CodeIgniter\CodeIgniter->run()
10 SYSTEMPATH\Boot.php(67): CodeIgniter\Boot::runCodeIgniter()
11 FCPATH\index.php(59): CodeIgniter\Boot::bootWeb()
12 SYSTEMPATH\rewrite.php(44): require_once('D:\\xampp\\xampp file\\htdocs\\PRAK701\\public\\index.php')
ERROR - 2025-05-20 11:32:19 --> Error connecting to the database: mysqli_sql_exception: No connection could be made because the target machine actively refused it in D:\xampp\xampp file\htdocs\PRAK701\system\Database\MySQLi\Connection.php:201
Stack trace:
#0 D:\xampp\xampp file\htdocs\PRAK701\system\Database\MySQLi\Connection.php(201): mysqli->real_connect()
#1 D:\xampp\xampp file\htdocs\PRAK701\system\Database\BaseConnection.php(421): CodeIgniter\Database\MySQLi\Connection->connect()
#2 D:\xampp\xampp file\htdocs\PRAK701\system\Database\BaseConnection.php(620): CodeIgniter\Database\BaseConnection->initialize()
#3 D:\xampp\xampp file\htdocs\PRAK701\system\Database\BaseBuilder.php(1649): CodeIgniter\Database\BaseConnection->query()
#4 D:\xampp\xampp file\htdocs\PRAK701\system\Model.php(286): CodeIgniter\Database\BaseBuilder->get()
#5 D:\xampp\xampp file\htdocs\PRAK701\system\BaseModel.php(679): CodeIgniter\Model->doFindAll()
#6 D:\xampp\xampp file\htdocs\PRAK701\app\Controllers\Form.php(19): CodeIgniter\BaseModel->findAll()
#7 D:\xampp\xampp file\htdocs\PRAK701\system\CodeIgniter.php(933): App\Controllers\Form->index()
#8 D:\xampp\xampp file\htdocs\PRAK701\system\CodeIgniter.php(507): CodeIgniter\CodeIgniter->runController()
#9 D:\xampp\xampp file\htdocs\PRAK701\system\CodeIgniter.php(354): CodeIgniter\CodeIgniter->handleRequest()
#10 D:\xampp\xampp file\htdocs\PRAK701\system\Boot.php(334): CodeIgniter\CodeIgniter->run()
#11 D:\xampp\xampp file\htdocs\PRAK701\system\Boot.php(67): CodeIgniter\Boot::runCodeIgniter()
#12 D:\xampp\xampp file\htdocs\PRAK701\public\index.php(59): CodeIgniter\Boot::bootWeb()
#13 D:\xampp\xampp file\htdocs\PRAK701\system\rewrite.php(44): require_once('...')
#14 {main}

Next CodeIgniter\Database\Exceptions\DatabaseException: No connection could be made because the target machine actively refused it in D:\xampp\xampp file\htdocs\PRAK701\system\Database\MySQLi\Connection.php:246
Stack trace:
#0 D:\xampp\xampp file\htdocs\PRAK701\system\Database\BaseConnection.php(421): CodeIgniter\Database\MySQLi\Connection->connect()
#1 D:\xampp\xampp file\htdocs\PRAK701\system\Database\BaseConnection.php(620): CodeIgniter\Database\BaseConnection->initialize()
#2 D:\xampp\xampp file\htdocs\PRAK701\system\Database\BaseBuilder.php(1649): CodeIgniter\Database\BaseConnection->query()
#3 D:\xampp\xampp file\htdocs\PRAK701\system\Model.php(286): CodeIgniter\Database\BaseBuilder->get()
#4 D:\xampp\xampp file\htdocs\PRAK701\system\BaseModel.php(679): CodeIgniter\Model->doFindAll()
#5 D:\xampp\xampp file\htdocs\PRAK701\app\Controllers\Form.php(19): CodeIgniter\BaseModel->findAll()
#6 D:\xampp\xampp file\htdocs\PRAK701\system\CodeIgniter.php(933): App\Controllers\Form->index()
#7 D:\xampp\xampp file\htdocs\PRAK701\system\CodeIgniter.php(507): CodeIgniter\CodeIgniter->runController()
#8 D:\xampp\xampp file\htdocs\PRAK701\system\CodeIgniter.php(354): CodeIgniter\CodeIgniter->handleRequest()
#9 D:\xampp\xampp file\htdocs\PRAK701\system\Boot.php(334): CodeIgniter\CodeIgniter->run()
#10 D:\xampp\xampp file\htdocs\PRAK701\system\Boot.php(67): CodeIgniter\Boot::runCodeIgniter()
#11 D:\xampp\xampp file\htdocs\PRAK701\public\index.php(59): CodeIgniter\Boot::bootWeb()
#12 D:\xampp\xampp file\htdocs\PRAK701\system\rewrite.php(44): require_once('...')
#13 {main}
CRITICAL - 2025-05-20 11:32:19 --> CodeIgniter\Database\Exceptions\DatabaseException: Unable to connect to the database.
Main connection [MySQLi]: No connection could be made because the target machine actively refused it
[Method: GET, Route: buku]
in SYSTEMPATH\Database\BaseConnection.php on line 467.
 1 SYSTEMPATH\Database\BaseConnection.php(620): CodeIgniter\Database\BaseConnection->initialize()
 2 SYSTEMPATH\Database\BaseBuilder.php(1649): CodeIgniter\Database\BaseConnection->query()
 3 SYSTEMPATH\Model.php(286): CodeIgniter\Database\BaseBuilder->get()
 4 SYSTEMPATH\BaseModel.php(679): CodeIgniter\Model->doFindAll()
 5 APPPATH\Controllers\Form.php(19): CodeIgniter\BaseModel->findAll()
 6 SYSTEMPATH\CodeIgniter.php(933): App\Controllers\Form->index()
 7 SYSTEMPATH\CodeIgniter.php(507): CodeIgniter\CodeIgniter->runController()
 8 SYSTEMPATH\CodeIgniter.php(354): CodeIgniter\CodeIgniter->handleRequest()
 9 SYSTEMPATH\Boot.php(334): CodeIgniter\CodeIgniter->run()
10 SYSTEMPATH\Boot.php(67): CodeIgniter\Boot::runCodeIgniter()
11 FCPATH\index.php(59): CodeIgniter\Boot::bootWeb()
12 SYSTEMPATH\rewrite.php(44): require_once('D:\\xampp\\xampp file\\htdocs\\PRAK701\\public\\index.php')
ERROR - 2025-05-20 11:46:18 --> Error connecting to the database: mysqli_sql_exception: No connection could be made because the target machine actively refused it in D:\xampp\xampp file\htdocs\PRAK701\system\Database\MySQLi\Connection.php:201
Stack trace:
#0 D:\xampp\xampp file\htdocs\PRAK701\system\Database\MySQLi\Connection.php(201): mysqli->real_connect()
#1 D:\xampp\xampp file\htdocs\PRAK701\system\Database\BaseConnection.php(421): CodeIgniter\Database\MySQLi\Connection->connect()
#2 D:\xampp\xampp file\htdocs\PRAK701\system\Database\BaseConnection.php(620): CodeIgniter\Database\BaseConnection->initialize()
#3 D:\xampp\xampp file\htdocs\PRAK701\system\Database\BaseBuilder.php(1649): CodeIgniter\Database\BaseConnection->query()
#4 D:\xampp\xampp file\htdocs\PRAK701\system\Model.php(286): CodeIgniter\Database\BaseBuilder->get()
#5 D:\xampp\xampp file\htdocs\PRAK701\system\BaseModel.php(679): CodeIgniter\Model->doFindAll()
#6 D:\xampp\xampp file\htdocs\PRAK701\app\Controllers\Form.php(19): CodeIgniter\BaseModel->findAll()
#7 D:\xampp\xampp file\htdocs\PRAK701\system\CodeIgniter.php(933): App\Controllers\Form->index()
#8 D:\xampp\xampp file\htdocs\PRAK701\system\CodeIgniter.php(507): CodeIgniter\CodeIgniter->runController()
#9 D:\xampp\xampp file\htdocs\PRAK701\system\CodeIgniter.php(354): CodeIgniter\CodeIgniter->handleRequest()
#10 D:\xampp\xampp file\htdocs\PRAK701\system\Boot.php(334): CodeIgniter\CodeIgniter->run()
#11 D:\xampp\xampp file\htdocs\PRAK701\system\Boot.php(67): CodeIgniter\Boot::runCodeIgniter()
#12 D:\xampp\xampp file\htdocs\PRAK701\public\index.php(59): CodeIgniter\Boot::bootWeb()
#13 D:\xampp\xampp file\htdocs\PRAK701\system\rewrite.php(44): require_once('...')
#14 {main}

Next CodeIgniter\Database\Exceptions\DatabaseException: No connection could be made because the target machine actively refused it in D:\xampp\xampp file\htdocs\PRAK701\system\Database\MySQLi\Connection.php:246
Stack trace:
#0 D:\xampp\xampp file\htdocs\PRAK701\system\Database\BaseConnection.php(421): CodeIgniter\Database\MySQLi\Connection->connect()
#1 D:\xampp\xampp file\htdocs\PRAK701\system\Database\BaseConnection.php(620): CodeIgniter\Database\BaseConnection->initialize()
#2 D:\xampp\xampp file\htdocs\PRAK701\system\Database\BaseBuilder.php(1649): CodeIgniter\Database\BaseConnection->query()
#3 D:\xampp\xampp file\htdocs\PRAK701\system\Model.php(286): CodeIgniter\Database\BaseBuilder->get()
#4 D:\xampp\xampp file\htdocs\PRAK701\system\BaseModel.php(679): CodeIgniter\Model->doFindAll()
#5 D:\xampp\xampp file\htdocs\PRAK701\app\Controllers\Form.php(19): CodeIgniter\BaseModel->findAll()
#6 D:\xampp\xampp file\htdocs\PRAK701\system\CodeIgniter.php(933): App\Controllers\Form->index()
#7 D:\xampp\xampp file\htdocs\PRAK701\system\CodeIgniter.php(507): CodeIgniter\CodeIgniter->runController()
#8 D:\xampp\xampp file\htdocs\PRAK701\system\CodeIgniter.php(354): CodeIgniter\CodeIgniter->handleRequest()
#9 D:\xampp\xampp file\htdocs\PRAK701\system\Boot.php(334): CodeIgniter\CodeIgniter->run()
#10 D:\xampp\xampp file\htdocs\PRAK701\system\Boot.php(67): CodeIgniter\Boot::runCodeIgniter()
#11 D:\xampp\xampp file\htdocs\PRAK701\public\index.php(59): CodeIgniter\Boot::bootWeb()
#12 D:\xampp\xampp file\htdocs\PRAK701\system\rewrite.php(44): require_once('...')
#13 {main}
CRITICAL - 2025-05-20 11:46:18 --> CodeIgniter\Database\Exceptions\DatabaseException: Unable to connect to the database.
Main connection [MySQLi]: No connection could be made because the target machine actively refused it
[Method: GET, Route: buku]
in SYSTEMPATH\Database\BaseConnection.php on line 467.
 1 SYSTEMPATH\Database\BaseConnection.php(620): CodeIgniter\Database\BaseConnection->initialize()
 2 SYSTEMPATH\Database\BaseBuilder.php(1649): CodeIgniter\Database\BaseConnection->query()
 3 SYSTEMPATH\Model.php(286): CodeIgniter\Database\BaseBuilder->get()
 4 SYSTEMPATH\BaseModel.php(679): CodeIgniter\Model->doFindAll()
 5 APPPATH\Controllers\Form.php(19): CodeIgniter\BaseModel->findAll()
 6 SYSTEMPATH\CodeIgniter.php(933): App\Controllers\Form->index()
 7 SYSTEMPATH\CodeIgniter.php(507): CodeIgniter\CodeIgniter->runController()
 8 SYSTEMPATH\CodeIgniter.php(354): CodeIgniter\CodeIgniter->handleRequest()
 9 SYSTEMPATH\Boot.php(334): CodeIgniter\CodeIgniter->run()
10 SYSTEMPATH\Boot.php(67): CodeIgniter\Boot::runCodeIgniter()
11 FCPATH\index.php(59): CodeIgniter\Boot::bootWeb()
12 SYSTEMPATH\rewrite.php(44): require_once('D:\\xampp\\xampp file\\htdocs\\PRAK701\\public\\index.php')
CRITICAL - 2025-05-20 11:47:47 --> ParseError: syntax error, unexpected end of file
[Method: GET, Route: buku]
in APPPATH\Views\form\index.php on line 43.
 1 SYSTEMPATH\View\View.php(227): CodeIgniter\View\View->{closure:CodeIgniter\View\View::render():221}()
 2 SYSTEMPATH\Common.php(1173): CodeIgniter\View\View->render()
 3 APPPATH\Controllers\Form.php(20): view()
 4 SYSTEMPATH\CodeIgniter.php(933): App\Controllers\Form->index()
 5 SYSTEMPATH\CodeIgniter.php(507): CodeIgniter\CodeIgniter->runController()
 6 SYSTEMPATH\CodeIgniter.php(354): CodeIgniter\CodeIgniter->handleRequest()
 7 SYSTEMPATH\Boot.php(334): CodeIgniter\CodeIgniter->run()
 8 SYSTEMPATH\Boot.php(67): CodeIgniter\Boot::runCodeIgniter()
 9 FCPATH\index.php(59): CodeIgniter\Boot::bootWeb()
10 SYSTEMPATH\rewrite.php(44): require_once('D:\\xampp\\xampp file\\htdocs\\PRAK701\\public\\index.php')
CRITICAL - 2025-05-20 11:47:49 --> ParseError: syntax error, unexpected end of file
[Method: GET, Route: buku]
in APPPATH\Views\form\index.php on line 43.
 1 SYSTEMPATH\View\View.php(227): CodeIgniter\View\View->{closure:CodeIgniter\View\View::render():221}()
 2 SYSTEMPATH\Common.php(1173): CodeIgniter\View\View->render()
 3 APPPATH\Controllers\Form.php(20): view()
 4 SYSTEMPATH\CodeIgniter.php(933): App\Controllers\Form->index()
 5 SYSTEMPATH\CodeIgniter.php(507): CodeIgniter\CodeIgniter->runController()
 6 SYSTEMPATH\CodeIgniter.php(354): CodeIgniter\CodeIgniter->handleRequest()
 7 SYSTEMPATH\Boot.php(334): CodeIgniter\CodeIgniter->run()
 8 SYSTEMPATH\Boot.php(67): CodeIgniter\Boot::runCodeIgniter()
 9 FCPATH\index.php(59): CodeIgniter\Boot::bootWeb()
10 SYSTEMPATH\rewrite.php(44): require_once('D:\\xampp\\xampp file\\htdocs\\PRAK701\\public\\index.php')
CRITICAL - 2025-05-20 14:53:18 --> CodeIgniter\Database\Exceptions\DataException: There is no data to update.
[Method: POST, Route: buku/update/1]
in SYSTEMPATH\BaseModel.php on line 1834.
 1 SYSTEMPATH\BaseModel.php(1834): CodeIgniter\Database\Exceptions\DataException::forEmptyDataset()
 2 SYSTEMPATH\BaseModel.php(1000): CodeIgniter\BaseModel->transformDataToArray()
 3 SYSTEMPATH\Model.php(863): CodeIgniter\BaseModel->update()
 4 APPPATH\Controllers\Form.php(64): CodeIgniter\Model->update()
 5 SYSTEMPATH\CodeIgniter.php(933): App\Controllers\Form->update()
 6 SYSTEMPATH\CodeIgniter.php(507): CodeIgniter\CodeIgniter->runController()
 7 SYSTEMPATH\CodeIgniter.php(354): CodeIgniter\CodeIgniter->handleRequest()
 8 SYSTEMPATH\Boot.php(334): CodeIgniter\CodeIgniter->run()
 9 SYSTEMPATH\Boot.php(67): CodeIgniter\Boot::runCodeIgniter()
10 FCPATH\index.php(59): CodeIgniter\Boot::bootWeb()
11 SYSTEMPATH\rewrite.php(44): require_once('D:\\xampp\\xampp file\\htdocs\\PRAK701\\public\\index.php')
